[11:48:53.982] Global cache location 'C:/Users/aclc/AppData/Local/Microsoft/TypeScript/3.5', safe file path 'c:/users/aclc/appdata/roaming/npm/node_modules/typescript/lib/typingsafelist.json', types map path c:/users/aclc/appdata/roaming/npm/node_modules/typescript/lib/typesmap.json
[11:48:53.985] Processing cache location 'C:/Users/aclc/AppData/Local/Microsoft/TypeScript/3.5'
[11:48:53.986] Trying to find 'C:/Users/aclc/AppData/Local/Microsoft/TypeScript/3.5/package.json'...
[11:48:54.148] Loaded content of 'C:/Users/aclc/AppData/Local/Microsoft/TypeScript/3.5/package.json': {"private":true,"dependencies":{"types-registry":"^0.1.451"},"devDependencies":{"@types/abbrev":"^1.1.0","@types/acorn":"^4.0.5","@types/ansi-regex":"^4.0.0","@types/ansi-styles":"^3.2.1","@types/archy":"0.0.31","@types/arr-diff":"^4.0.0","@types/arr-union":"^3.1.0","@types/array-find-index":"^1.0.0","@types/array-sort":"^1.0.0","@types/array-unique":"^0.3.0","@types/asap":"^2.0.0","@types/assert-plus":"^1.0.4","@types/async":"^3.0.1","@types/atob":"^2.1.2","@types/aws4":"^1.5.1","@types/babylon":"^6.16.5","@types/backo2":"^1.0.0","@types/balanced-match":"^1.0.0","@types/base64-arraybuffer":"^0.1.0","@types/brace-expansion":"^1.1.0","@types/browser-sync":"^2.26.1","@types/buffer-equal":"0.0.30","@types/buffer-from":"^1.1.0","@types/bytes":"^3.0.0","@types/callsite":"^1.0.30","@types/caseless":"^0.12.2","@types/clean-css":"^4.2.1","@types/clone":"^0.1.30","@types/color-convert":"^1.9.0","@types/color-name":"^1.1.1","@types/color-support":"^1.1.0","@types/combined-stream":"^1.0.2","@types/component-emitter":"^1.2.8","@types/concat-map":"0.0.0","@types/connect-history-api-fallback":"^1.3.3","@types/cookie":"^0.3.3","@types/core-js":"^2.5.2","@types/decode-uri-component":"^0.2.0","@types/depd":"^1.1.32","@types/destroy":"^1.0.0","@types/dev-ip":"^1.0.0","@types/ee-first":"^1.1.0","@types/encodeurl":"^1.0.0","@types/escape-html":"0.0.20","@types/etag":"^1.8.0","@types/extend":"^3.0.1","@types/extsprintf":"^1.4.1","@types/fast-json-stable-stringify":"^2.0.0","@types/flagged-respawn":"^1.0.1","@types/forever-agent":"^0.6.0","@types/fresh":"^0.5.0","@types/fsevents":"^1.1.2","@types/get-caller-file":"^1.0.0","@types/get-value":"^3.0.1","@types/getpass":"^0.1.0","@types/graceful-fs":"^4.1.3","@types/gulp":"^4.0.6","@types/gulp-plumber":"0.0.32","@types/gulp-pug":"^3.3.1","@types/gulp-sass":"^4.0.0","@types/has-ansi":"^3.0.0","@types/hosted-git-info":"^2.7.0","@types/inherits":"0.0.30","@types/ini":"^1.3.30","@types/interpret":"^1.1.1","@types/is-buffer":"^2.0.0","@types/is-glob":"^4.0.1","@types/is-negated-glob":"^1.0.0","@types/is-number":"^7.0.0","@types/is-promise":"^2.1.0","@types/is-typedarray":"^1.0.0","@types/is-valid-glob":"^1.0.0","@types/is-windows":"^0.2.0","@types/isarray":"^2.0.0","@types/isexe":"^2.0.0","@types/js-base64":"^2.3.1","@types/jsbn":"^1.2.29","@types/json-schema":"^7.0.3","@types/node-sass":"^4.11.0","@types/object-path":"^0.11.0","@types/ua-parser-js":"^0.7.33"}}
[11:48:54.189] Loaded content of 'C:/Users/aclc/AppData/Local/Microsoft/TypeScript/3.5/package-lock.json'
[11:48:54.515] Adding entry into typings cache: 'abbrev' => 'C:/Users/aclc/AppData/Local/Microsoft/TypeScript/3.5/node_modules/@types/abbrev/index.d.ts'
[11:48:54.617] Adding entry into typings cache: 'acorn' => 'C:/Users/aclc/AppData/Local/Microsoft/TypeScript/3.5/node_modules/@types/acorn/index.d.ts'
[11:48:54.718] Adding entry into typings cache: 'ansi-regex' => 'C:/Users/aclc/AppData/Local/Microsoft/TypeScript/3.5/node_modules/@types/ansi-regex/index.d.ts'
[11:48:54.799] Adding entry into typings cache: 'ansi-styles' => 'C:/Users/aclc/AppData/Local/Microsoft/TypeScript/3.5/node_modules/@types/ansi-styles/index.d.ts'
[11:48:54.856] Adding entry into typings cache: 'archy' => 'C:/Users/aclc/AppData/Local/Microsoft/TypeScript/3.5/node_modules/@types/archy/index.d.ts'
[11:48:55.75] Adding entry into typings cache: 'arr-diff' => 'C:/Users/aclc/AppData/Local/Microsoft/TypeScript/3.5/node_modules/@types/arr-diff/index.d.ts'
[11:48:55.221] Adding entry into typings cache: 'arr-union' => 'C:/Users/aclc/AppData/Local/Microsoft/TypeScript/3.5/node_modules/@types/arr-union/index.d.ts'
[11:48:55.296] Adding entry into typings cache: 'array-find-index' => 'C:/Users/aclc/AppData/Local/Microsoft/TypeScript/3.5/node_modules/@types/array-find-index/index.d.ts'
[11:48:55.323] Adding entry into typings cache: 'array-sort' => 'C:/Users/aclc/AppData/Local/Microsoft/TypeScript/3.5/node_modules/@types/array-sort/index.d.ts'
[11:48:55.511] Adding entry into typings cache: 'array-unique' => 'C:/Users/aclc/AppData/Local/Microsoft/TypeScript/3.5/node_modules/@types/array-unique/index.d.ts'
[11:48:55.543] Adding entry into typings cache: 'asap' => 'C:/Users/aclc/AppData/Local/Microsoft/TypeScript/3.5/node_modules/@types/asap/index.d.ts'
[11:48:55.610] Adding entry into typings cache: 'assert-plus' => 'C:/Users/aclc/AppData/Local/Microsoft/TypeScript/3.5/node_modules/@types/assert-plus/index.d.ts'
[11:48:55.672] Adding entry into typings cache: 'async' => 'C:/Users/aclc/AppData/Local/Microsoft/TypeScript/3.5/node_modules/@types/async/index.d.ts'
[11:48:55.922] Adding entry into typings cache: 'atob' => 'C:/Users/aclc/AppData/Local/Microsoft/TypeScript/3.5/node_modules/@types/atob/index.d.ts'
[11:48:56.32] Adding entry into typings cache: 'aws4' => 'C:/Users/aclc/AppData/Local/Microsoft/TypeScript/3.5/node_modules/@types/aws4/index.d.ts'
[11:48:56.273] Adding entry into typings cache: 'babylon' => 'C:/Users/aclc/AppData/Local/Microsoft/TypeScript/3.5/node_modules/@types/babylon/index.d.ts'
[11:48:56.339] Adding entry into typings cache: 'backo2' => 'C:/Users/aclc/AppData/Local/Microsoft/TypeScript/3.5/node_modules/@types/backo2/index.d.ts'
[11:48:56.482] Adding entry into typings cache: 'balanced-match' => 'C:/Users/aclc/AppData/Local/Microsoft/TypeScript/3.5/node_modules/@types/balanced-match/index.d.ts'
[11:48:56.619] Adding entry into typings cache: 'base64-arraybuffer' => 'C:/Users/aclc/AppData/Local/Microsoft/TypeScript/3.5/node_modules/@types/base64-arraybuffer/index.d.ts'
[11:48:56.724] Adding entry into typings cache: 'brace-expansion' => 'C:/Users/aclc/AppData/Local/Microsoft/TypeScript/3.5/node_modules/@types/brace-expansion/index.d.ts'
[11:48:56.890] Adding entry into typings cache: 'browser-sync' => 'C:/Users/aclc/AppData/Local/Microsoft/TypeScript/3.5/node_modules/@types/browser-sync/index.d.ts'
[11:48:57.14] Adding entry into typings cache: 'buffer-equal' => 'C:/Users/aclc/AppData/Local/Microsoft/TypeScript/3.5/node_modules/@types/buffer-equal/index.d.ts'
[11:48:57.125] Adding entry into typings cache: 'buffer-from' => 'C:/Users/aclc/AppData/Local/Microsoft/TypeScript/3.5/node_modules/@types/buffer-from/index.d.ts'
[11:48:57.229] Adding entry into typings cache: 'bytes' => 'C:/Users/aclc/AppData/Local/Microsoft/TypeScript/3.5/node_modules/@types/bytes/index.d.ts'
[11:48:57.337] Adding entry into typings cache: 'callsite' => 'C:/Users/aclc/AppData/Local/Microsoft/TypeScript/3.5/node_modules/@types/callsite/index.d.ts'
[11:48:57.374] Adding entry into typings cache: 'caseless' => 'C:/Users/aclc/AppData/Local/Microsoft/TypeScript/3.5/node_modules/@types/caseless/index.d.ts'
[11:48:57.482] Adding entry into typings cache: 'clean-css' => 'C:/Users/aclc/AppData/Local/Microsoft/TypeScript/3.5/node_modules/@types/clean-css/index.d.ts'
[11:48:57.564] Adding entry into typings cache: 'clone' => 'C:/Users/aclc/AppData/Local/Microsoft/TypeScript/3.5/node_modules/@types/clone/index.d.ts'
[11:48:57.689] Adding entry into typings cache: 'color-convert' => 'C:/Users/aclc/AppData/Local/Microsoft/TypeScript/3.5/node_modules/@types/color-convert/index.d.ts'
[11:48:57.755] Adding entry into typings cache: 'color-name' => 'C:/Users/aclc/AppData/Local/Microsoft/TypeScript/3.5/node_modules/@types/color-name/index.d.ts'
[11:48:57.880] Adding entry into typings cache: 'color-support' => 'C:/Users/aclc/AppData/Local/Microsoft/TypeScript/3.5/node_modules/@types/color-support/index.d.ts'
[11:48:58.77] Adding entry into typings cache: 'combined-stream' => 'C:/Users/aclc/AppData/Local/Microsoft/TypeScript/3.5/node_modules/@types/combined-stream/index.d.ts'
[11:48:58.266] Adding entry into typings cache: 'component-emitter' => 'C:/Users/aclc/AppData/Local/Microsoft/TypeScript/3.5/node_modules/@types/component-emitter/index.d.ts'
[11:48:58.377] Adding entry into typings cache: 'concat-map' => 'C:/Users/aclc/AppData/Local/Microsoft/TypeScript/3.5/node_modules/@types/concat-map/index.d.ts'
[11:48:58.575] Adding entry into typings cache: 'connect-history-api-fallback' => 'C:/Users/aclc/AppData/Local/Microsoft/TypeScript/3.5/node_modules/@types/connect-history-api-fallback/index.d.ts'
[11:48:58.653] Adding entry into typings cache: 'cookie' => 'C:/Users/aclc/AppData/Local/Microsoft/TypeScript/3.5/node_modules/@types/cookie/index.d.ts'
[11:48:58.816] Adding entry into typings cache: 'core-js' => 'C:/Users/aclc/AppData/Local/Microsoft/TypeScript/3.5/node_modules/@types/core-js/index.d.ts'
[11:48:59.15] Adding entry into typings cache: 'decode-uri-component' => 'C:/Users/aclc/AppData/Local/Microsoft/TypeScript/3.5/node_modules/@types/decode-uri-component/index.d.ts'
[11:48:59.199] Adding entry into typings cache: 'depd' => 'C:/Users/aclc/AppData/Local/Microsoft/TypeScript/3.5/node_modules/@types/depd/index.d.ts'
[11:48:59.337] Adding entry into typings cache: 'destroy' => 'C:/Users/aclc/AppData/Local/Microsoft/TypeScript/3.5/node_modules/@types/destroy/index.d.ts'
[11:48:59.477] Adding entry into typings cache: 'dev-ip' => 'C:/Users/aclc/AppData/Local/Microsoft/TypeScript/3.5/node_modules/@types/dev-ip/index.d.ts'
[11:48:59.615] Adding entry into typings cache: 'ee-first' => 'C:/Users/aclc/AppData/Local/Microsoft/TypeScript/3.5/node_modules/@types/ee-first/index.d.ts'
[11:48:59.688] Adding entry into typings cache: 'encodeurl' => 'C:/Users/aclc/AppData/Local/Microsoft/TypeScript/3.5/node_modules/@types/encodeurl/index.d.ts'
[11:48:59.821] Adding entry into typings cache: 'escape-html' => 'C:/Users/aclc/AppData/Local/Microsoft/TypeScript/3.5/node_modules/@types/escape-html/index.d.ts'
[11:48:59.961] Adding entry into typings cache: 'etag' => 'C:/Users/aclc/AppData/Local/Microsoft/TypeScript/3.5/node_modules/@types/etag/index.d.ts'
[11:49:0.94] Adding entry into typings cache: 'extend' => 'C:/Users/aclc/AppData/Local/Microsoft/TypeScript/3.5/node_modules/@types/extend/index.d.ts'
[11:49:0.188] Adding entry into typings cache: 'extsprintf' => 'C:/Users/aclc/AppData/Local/Microsoft/TypeScript/3.5/node_modules/@types/extsprintf/index.d.ts'
[11:49:0.314] Adding entry into typings cache: 'fast-json-stable-stringify' => 'C:/Users/aclc/AppData/Local/Microsoft/TypeScript/3.5/node_modules/@types/fast-json-stable-stringify/index.d.ts'
[11:49:0.364] Adding entry into typings cache: 'flagged-respawn' => 'C:/Users/aclc/AppData/Local/Microsoft/TypeScript/3.5/node_modules/@types/flagged-respawn/index.d.ts'
[11:49:0.441] Adding entry into typings cache: 'forever-agent' => 'C:/Users/aclc/AppData/Local/Microsoft/TypeScript/3.5/node_modules/@types/forever-agent/index.d.ts'
[11:49:0.592] Adding entry into typings cache: 'fresh' => 'C:/Users/aclc/AppData/Local/Microsoft/TypeScript/3.5/node_modules/@types/fresh/index.d.ts'
[11:49:0.767] Adding entry into typings cache: 'fsevents' => 'C:/Users/aclc/AppData/Local/Microsoft/TypeScript/3.5/node_modules/@types/fsevents/index.d.ts'
[11:49:0.904] Adding entry into typings cache: 'get-caller-file' => 'C:/Users/aclc/AppData/Local/Microsoft/TypeScript/3.5/node_modules/@types/get-caller-file/index.d.ts'
[11:49:1.273] Adding entry into typings cache: 'get-value' => 'C:/Users/aclc/AppData/Local/Microsoft/TypeScript/3.5/node_modules/@types/get-value/index.d.ts'
[11:49:1.312] Adding entry into typings cache: 'getpass' => 'C:/Users/aclc/AppData/Local/Microsoft/TypeScript/3.5/node_modules/@types/getpass/index.d.ts'
[11:49:1.600] Adding entry into typings cache: 'graceful-fs' => 'C:/Users/aclc/AppData/Local/Microsoft/TypeScript/3.5/node_modules/@types/graceful-fs/index.d.ts'
[11:49:1.822] Adding entry into typings cache: 'gulp' => 'C:/Users/aclc/AppData/Local/Microsoft/TypeScript/3.5/node_modules/@types/gulp/index.d.ts'
[11:49:1.947] Adding entry into typings cache: 'gulp-plumber' => 'C:/Users/aclc/AppData/Local/Microsoft/TypeScript/3.5/node_modules/@types/gulp-plumber/index.d.ts'
[11:49:2.10] Adding entry into typings cache: 'gulp-pug' => 'C:/Users/aclc/AppData/Local/Microsoft/TypeScript/3.5/node_modules/@types/gulp-pug/index.d.ts'
[11:49:2.64] Adding entry into typings cache: 'gulp-sass' => 'C:/Users/aclc/AppData/Local/Microsoft/TypeScript/3.5/node_modules/@types/gulp-sass/index.d.ts'
[11:49:2.167] Adding entry into typings cache: 'has-ansi' => 'C:/Users/aclc/AppData/Local/Microsoft/TypeScript/3.5/node_modules/@types/has-ansi/index.d.ts'
[11:49:2.242] Adding entry into typings cache: 'hosted-git-info' => 'C:/Users/aclc/AppData/Local/Microsoft/TypeScript/3.5/node_modules/@types/hosted-git-info/index.d.ts'
[11:49:2.440] Adding entry into typings cache: 'inherits' => 'C:/Users/aclc/AppData/Local/Microsoft/TypeScript/3.5/node_modules/@types/inherits/index.d.ts'
[11:49:2.509] Adding entry into typings cache: 'ini' => 'C:/Users/aclc/AppData/Local/Microsoft/TypeScript/3.5/node_modules/@types/ini/index.d.ts'
[11:49:2.528] Adding entry into typings cache: 'interpret' => 'C:/Users/aclc/AppData/Local/Microsoft/TypeScript/3.5/node_modules/@types/interpret/index.d.ts'
[11:49:2.637] Adding entry into typings cache: 'is-buffer' => 'C:/Users/aclc/AppData/Local/Microsoft/TypeScript/3.5/node_modules/@types/is-buffer/index.d.ts'
[11:49:2.758] Adding entry into typings cache: 'is-glob' => 'C:/Users/aclc/AppData/Local/Microsoft/TypeScript/3.5/node_modules/@types/is-glob/index.d.ts'
[11:49:2.779] Adding entry into typings cache: 'is-negated-glob' => 'C:/Users/aclc/AppData/Local/Microsoft/TypeScript/3.5/node_modules/@types/is-negated-glob/index.d.ts'
[11:49:2.836] Adding entry into typings cache: 'is-number' => 'C:/Users/aclc/AppData/Local/Microsoft/TypeScript/3.5/node_modules/@types/is-number/index.d.ts'
[11:49:2.852] Adding entry into typings cache: 'is-promise' => 'C:/Users/aclc/AppData/Local/Microsoft/TypeScript/3.5/node_modules/@types/is-promise/index.d.ts'
[11:49:2.861] Adding entry into typings cache: 'is-typedarray' => 'C:/Users/aclc/AppData/Local/Microsoft/TypeScript/3.5/node_modules/@types/is-typedarray/index.d.ts'
[11:49:2.869] Adding entry into typings cache: 'is-valid-glob' => 'C:/Users/aclc/AppData/Local/Microsoft/TypeScript/3.5/node_modules/@types/is-valid-glob/index.d.ts'
[11:49:3.4] Adding entry into typings cache: 'is-windows' => 'C:/Users/aclc/AppData/Local/Microsoft/TypeScript/3.5/node_modules/@types/is-windows/index.d.ts'
[11:49:3.148] Adding entry into typings cache: 'isarray' => 'C:/Users/aclc/AppData/Local/Microsoft/TypeScript/3.5/node_modules/@types/isarray/index.d.ts'
[11:49:3.235] Adding entry into typings cache: 'isexe' => 'C:/Users/aclc/AppData/Local/Microsoft/TypeScript/3.5/node_modules/@types/isexe/index.d.ts'
[11:49:3.303] Adding entry into typings cache: 'js-base64' => 'C:/Users/aclc/AppData/Local/Microsoft/TypeScript/3.5/node_modules/@types/js-base64/index.d.ts'
[11:49:3.358] Adding entry into typings cache: 'jsbn' => 'C:/Users/aclc/AppData/Local/Microsoft/TypeScript/3.5/node_modules/@types/jsbn/index.d.ts'
[11:49:3.483] Adding entry into typings cache: 'json-schema' => 'C:/Users/aclc/AppData/Local/Microsoft/TypeScript/3.5/node_modules/@types/json-schema/index.d.ts'
[11:49:3.662] Adding entry into typings cache: 'node-sass' => 'C:/Users/aclc/AppData/Local/Microsoft/TypeScript/3.5/node_modules/@types/node-sass/index.d.ts'
[11:49:3.927] Adding entry into typings cache: 'object-path' => 'C:/Users/aclc/AppData/Local/Microsoft/TypeScript/3.5/node_modules/@types/object-path/index.d.ts'
[11:49:4.183] Adding entry into typings cache: 'ua-parser-js' => 'C:/Users/aclc/AppData/Local/Microsoft/TypeScript/3.5/node_modules/@types/ua-parser-js/index.d.ts'
[11:49:4.184] Finished processing cache location 'C:/Users/aclc/AppData/Local/Microsoft/TypeScript/3.5'
[11:49:4.185] Process id: 10088
[11:49:4.186] NPM location: "C:\Program Files\nodejs\npm" (explicit '--npmLocation' not  provided)
[11:49:4.186] validateDefaultNpmLocation: false
[11:49:4.187] Npm config file: C:/Users/aclc/AppData/Local/Microsoft/TypeScript/3.5/package.json
[11:49:4.188] Updating types-registry npm package...
[11:49:4.188] Exec: "C:\Program Files\nodejs\npm" install --ignore-scripts types-registry@latest
[11:49:38.20]     Succeeded. stdout:
    + types-registry@0.1.477
    updated 1 package and audited 4430 packages in 16.437s
found 0 vulnerabilities


[11:49:38.21] Updated types-registry npm package
