Info 0    [10:14:1.500] Starting TS Server
Info 1    [10:14:1.510] Version: 3.7.5
Info 2    [10:14:1.510] Arguments: /usr/bin/node /mnt/c/Users/jj/AppData/Roaming/npm/node_modules/typescript/bin/tsserver --logFile /mnt/c/code/CAPSTONE/HomeSecureServer/.log/tsserver.log --logVerbosity info --cancellationPipeName /tmp/0e495182a8f647bb1f0cb20e4639e5a8/tscancellation*
Info 3    [10:14:1.510] Platform: linux NodeVersion: 10 CaseSensitive: true
Info 4    [10:14:1.551] Search path: /mnt/c/code/CAPSTONE/HomeSecureServer
Info 5    [10:14:1.554] For info: /mnt/c/code/CAPSTONE/HomeSecureServer/server.ts :: Config file name: /mnt/c/code/CAPSTONE/HomeSecureServer/tsconfig.json
Info 6    [10:14:1.554] Opened configuration file /mnt/c/code/CAPSTONE/HomeSecureServer/tsconfig.json
Info 7    [10:14:1.620] Config: /mnt/c/code/CAPSTONE/HomeSecureServer/tsconfig.json : {
 "rootNames": [
  "/mnt/c/code/CAPSTONE/HomeSecureServer/database.ts",
  "/mnt/c/code/CAPSTONE/HomeSecureServer/jsonbuilder.ts",
  "/mnt/c/code/CAPSTONE/HomeSecureServer/server.ts",
  "/mnt/c/code/CAPSTONE/HomeSecureServer/models/Device.ts",
  "/mnt/c/code/CAPSTONE/HomeSecureServer/models/Devices.ts",
  "/mnt/c/code/CAPSTONE/HomeSecureServer/models/Event.ts",
  "/mnt/c/code/CAPSTONE/HomeSecureServer/models/User.ts",
  "/mnt/c/code/CAPSTONE/HomeSecureServer/routes/DeviceService.ts",
  "/mnt/c/code/CAPSTONE/HomeSecureServer/routes/UserService.ts",
  "/mnt/c/code/CAPSTONE/HomeSecureServer/socket/DeviceSocket.ts"
 ],
 "options": {
  "experimentalDecorators": true,
  "target": 2,
  "module": 1,
  "outDir": "/mnt/c/code/CAPSTONE/HomeSecureServer/build",
  "strict": true,
  "esModuleInterop": true,
  "emitDecoratorMetadata": true,
  "forceConsistentCasingInFileNames": true,
  "configFilePath": "/mnt/c/code/CAPSTONE/HomeSecureServer/tsconfig.json"
 }
}
Info 8    [10:14:4.875] Starting updateGraphWorker: Project: /mnt/c/code/CAPSTONE/HomeSecureServer/tsconfig.json
Info 9    [10:14:25.758] Finishing updateGraphWorker: Project: /mnt/c/code/CAPSTONE/HomeSecureServer/tsconfig.json Version: 1 structureChanged: true Elapsed: 20883ms
Info 10   [10:14:25.758] Project '/mnt/c/code/CAPSTONE/HomeSecureServer/tsconfig.json' (Configured) 
Info 11   [10:14:25.758] 	Files (265)

Info 12   [10:14:25.758] -----------------------------------------------
Info 13   [10:14:25.786] DirectoryWatcher:: Triggered with /mnt/c/code/CAPSTONE/HomeSecureServer/.log/ti-87.log :: WatchInfo: /mnt/c/code/CAPSTONE/HomeSecureServer 1 Project: /mnt/c/code/CAPSTONE/HomeSecureServer/tsconfig.json WatchType: Wild card directory
Info 14   [10:14:25.787] Project: /mnt/c/code/CAPSTONE/HomeSecureServer/tsconfig.json Detected file add/remove of non supported extension: /mnt/c/code/CAPSTONE/HomeSecureServer/.log/ti-87.log
Info 15   [10:14:25.787] Elapsed:: 1ms DirectoryWatcher:: Triggered with /mnt/c/code/CAPSTONE/HomeSecureServer/.log/ti-87.log :: WatchInfo: /mnt/c/code/CAPSTONE/HomeSecureServer 1 Project: /mnt/c/code/CAPSTONE/HomeSecureServer/tsconfig.json WatchType: Wild card directory
Info 16   [10:14:25.788] DirectoryWatcher:: Triggered with /mnt/c/code/CAPSTONE/HomeSecureServer/.log :: WatchInfo: /mnt/c/code/CAPSTONE/HomeSecureServer 1 Project: /mnt/c/code/CAPSTONE/HomeSecureServer/tsconfig.json WatchType: Wild card directory
Info 17   [10:14:25.788] Project: /mnt/c/code/CAPSTONE/HomeSecureServer/tsconfig.json Detected file add/remove of non supported extension: /mnt/c/code/CAPSTONE/HomeSecureServer/.log
Info 18   [10:14:25.788] Elapsed:: 0ms DirectoryWatcher:: Triggered with /mnt/c/code/CAPSTONE/HomeSecureServer/.log :: WatchInfo: /mnt/c/code/CAPSTONE/HomeSecureServer 1 Project: /mnt/c/code/CAPSTONE/HomeSecureServer/tsconfig.json WatchType: Wild card directory
Info 19   [10:14:25.789] DirectoryWatcher:: Triggered with /mnt/c/code/CAPSTONE/HomeSecureServer/.log/.log :: WatchInfo: /mnt/c/code/CAPSTONE/HomeSecureServer 1 Project: /mnt/c/code/CAPSTONE/HomeSecureServer/tsconfig.json WatchType: Wild card directory
Info 20   [10:14:25.789] Project: /mnt/c/code/CAPSTONE/HomeSecureServer/tsconfig.json Detected file add/remove of non supported extension: /mnt/c/code/CAPSTONE/HomeSecureServer/.log/.log
Info 21   [10:14:25.789] Elapsed:: 0ms DirectoryWatcher:: Triggered with /mnt/c/code/CAPSTONE/HomeSecureServer/.log/.log :: WatchInfo: /mnt/c/code/CAPSTONE/HomeSecureServer 1 Project: /mnt/c/code/CAPSTONE/HomeSecureServer/tsconfig.json WatchType: Wild card directory
Info 22   [10:14:25.790] DirectoryWatcher:: Triggered with /mnt/c/code/CAPSTONE/HomeSecureServer/.log :: WatchInfo: /mnt/c/code/CAPSTONE/HomeSecureServer 1 Project: /mnt/c/code/CAPSTONE/HomeSecureServer/tsconfig.json WatchType: Wild card directory
Info 23   [10:14:25.790] Project: /mnt/c/code/CAPSTONE/HomeSecureServer/tsconfig.json Detected file add/remove of non supported extension: /mnt/c/code/CAPSTONE/HomeSecureServer/.log
Info 24   [10:14:25.790] Elapsed:: 0ms DirectoryWatcher:: Triggered with /mnt/c/code/CAPSTONE/HomeSecureServer/.log :: WatchInfo: /mnt/c/code/CAPSTONE/HomeSecureServer 1 Project: /mnt/c/code/CAPSTONE/HomeSecureServer/tsconfig.json WatchType: Wild card directory
Info 25   [10:14:25.791] DirectoryWatcher:: Triggered with /mnt/c/code/CAPSTONE/HomeSecureServer/.log/.log :: WatchInfo: /mnt/c/code/CAPSTONE/HomeSecureServer 1 Project: /mnt/c/code/CAPSTONE/HomeSecureServer/tsconfig.json WatchType: Wild card directory
Info 26   [10:14:25.791] Project: /mnt/c/code/CAPSTONE/HomeSecureServer/tsconfig.json Detected file add/remove of non supported extension: /mnt/c/code/CAPSTONE/HomeSecureServer/.log/.log
Info 27   [10:14:25.791] Elapsed:: 0ms DirectoryWatcher:: Triggered with /mnt/c/code/CAPSTONE/HomeSecureServer/.log/.log :: WatchInfo: /mnt/c/code/CAPSTONE/HomeSecureServer 1 Project: /mnt/c/code/CAPSTONE/HomeSecureServer/tsconfig.json WatchType: Wild card directory
